{"level":"INFO","message":"[12:54:57.770 PM]: Creating new connection object"}
{"level":"INFO","message":"[12:54:57.851 PM]: Creating Connection[id: d8f198fd-1500-476f-86f5-4ae81e2bd250] with host: rm58560.central-india.azure.snowflakecomputing.com, account: rm58560, accessUrl: https://rm58560.central-india.azure.snowflakecomputing.com, user: rishabinformaticagroup, role: undefined, database: SOURCE, schema: PUBLIC, warehouse: COMPUTE_WH, proxy was not configured, password is provided, region: central-india.azure, authenticator: SNOWFLAKE, ocsp mode: FAIL_OPEN, os: win32, os version: 10.0.19045"}
{"level":"INFO","message":"[12:54:57.857 PM]: Connection[id: d8f198fd-1500-476f-86f5-4ae81e2bd250] additional details: passcode in password is provided, passcode is not provided, private key is not provided, application: undefined, client name: snowflake-sdk, client version: 2.3.3, retry timeout: 300, private key path: undefined, private key pass is not provided, client store temporary credential: false, browser response timeout: 120000"}
{"level":"INFO","message":"[12:54:57.860 PM]: Connection[id: d8f198fd-1500-476f-86f5-4ae81e2bd250] - connection object created successfully."}
{"level":"INFO","message":"[12:54:57.863 PM]: Connection[id: d8f198fd-1500-476f-86f5-4ae81e2bd250] - connecting. Associated Snowflake domain: GLOBAL"}
{"level":"INFO","message":"[12:54:57.869 PM]: Connection[id: d8f198fd-1500-476f-86f5-4ae81e2bd250] - authentication successful using: SNOWFLAKE"}
{"level":"INFO","message":"[12:54:57.873 PM]: Trying to initialize Easy Logging"}
{"level":"INFO","message":"[12:54:58.907 PM]: No client config detected."}
{"level":"INFO","message":"[12:54:58.909 PM]: No config file path found. Client config will not be used."}
{"level":"INFO","message":"[12:54:58.913 PM]: Easy Logging is disabled as no config has been found"}
{"level":"INFO","message":"[12:55:01.457 PM]: Connection[id: d8f198fd-1500-476f-86f5-4ae81e2bd250] - connection established successfully after 3593.95 milliseconds"}
{"level":"INFO","message":"[12:55:01.751 PM]: Creating new connection object"}
{"level":"INFO","message":"[12:55:01.758 PM]: Creating Connection[id: 396bca9f-78e6-4e2e-bd54-969c471b4ed1] with host: rm58560.central-india.azure.snowflakecomputing.com, account: rm58560, accessUrl: https://rm58560.central-india.azure.snowflakecomputing.com, user: rishabinformaticagroup, role: undefined, database: SOURCE, schema: PUBLIC, warehouse: COMPUTE_WH, proxy was not configured, password is provided, region: central-india.azure, authenticator: SNOWFLAKE, ocsp mode: FAIL_OPEN, os: win32, os version: 10.0.19045"}
{"level":"INFO","message":"[12:55:01.762 PM]: Connection[id: 396bca9f-78e6-4e2e-bd54-969c471b4ed1] additional details: passcode in password is provided, passcode is not provided, private key is not provided, application: undefined, client name: snowflake-sdk, client version: 2.3.3, retry timeout: 300, private key path: undefined, private key pass is not provided, client store temporary credential: false, browser response timeout: 120000"}
{"level":"INFO","message":"[12:55:01.769 PM]: Connection[id: 396bca9f-78e6-4e2e-bd54-969c471b4ed1] - connection object created successfully."}
{"level":"INFO","message":"[12:55:01.773 PM]: Connection[id: 396bca9f-78e6-4e2e-bd54-969c471b4ed1] - connecting. Associated Snowflake domain: GLOBAL"}
{"level":"INFO","message":"[12:55:01.775 PM]: Connection[id: 396bca9f-78e6-4e2e-bd54-969c471b4ed1] - authentication successful using: SNOWFLAKE"}
{"level":"INFO","message":"[12:55:02.593 PM]: Connection[id: 396bca9f-78e6-4e2e-bd54-969c471b4ed1] - connection established successfully after 819.93 milliseconds"}
{"level":"INFO","message":"[12:55:56.515 PM]: Creating new connection object"}
{"level":"INFO","message":"[12:55:56.526 PM]: Creating Connection[id: 9474609f-a9ba-4105-b74d-d922c230b9fd] with host: rm58560.central-india.azure.snowflakecomputing.com, account: rm58560, accessUrl: https://rm58560.central-india.azure.snowflakecomputing.com, user: rishabinformaticagroup, role: undefined, database: SOURCE, schema: PUBLIC, warehouse: COMPUTE_WH, proxy was not configured, password is provided, region: central-india.azure, authenticator: SNOWFLAKE, ocsp mode: FAIL_OPEN, os: win32, os version: 10.0.19045"}
{"level":"INFO","message":"[12:55:56.529 PM]: Connection[id: 9474609f-a9ba-4105-b74d-d922c230b9fd] additional details: passcode in password is provided, passcode is not provided, private key is not provided, application: undefined, client name: snowflake-sdk, client version: 2.3.3, retry timeout: 300, private key path: undefined, private key pass is not provided, client store temporary credential: false, browser response timeout: 120000"}
{"level":"INFO","message":"[12:55:56.532 PM]: Connection[id: 9474609f-a9ba-4105-b74d-d922c230b9fd] - connection object created successfully."}
{"level":"INFO","message":"[12:55:56.535 PM]: Connection[id: 9474609f-a9ba-4105-b74d-d922c230b9fd] - connecting. Associated Snowflake domain: GLOBAL"}
{"level":"INFO","message":"[12:55:56.541 PM]: Connection[id: 9474609f-a9ba-4105-b74d-d922c230b9fd] - authentication successful using: SNOWFLAKE"}
{"level":"INFO","message":"[12:55:56.755 PM]: Connection[id: 9474609f-a9ba-4105-b74d-d922c230b9fd] - connection established successfully after 220.79 milliseconds"}
{"level":"INFO","message":"[12:56:12.622 PM]: Creating new connection object"}
{"level":"INFO","message":"[12:56:12.726 PM]: Creating Connection[id: 6cf15a61-7a78-477b-aac6-482cf11938f7] with host: rm58560.central-india.azure.snowflakecomputing.com, account: rm58560, accessUrl: https://rm58560.central-india.azure.snowflakecomputing.com, user: rishabinformaticagroup, role: undefined, database: SOURCE, schema: PUBLIC, warehouse: COMPUTE_WH, proxy was not configured, password is provided, region: central-india.azure, authenticator: SNOWFLAKE, ocsp mode: FAIL_OPEN, os: win32, os version: 10.0.19045"}
{"level":"INFO","message":"[12:56:12.774 PM]: Connection[id: 6cf15a61-7a78-477b-aac6-482cf11938f7] additional details: passcode in password is provided, passcode is not provided, private key is not provided, application: undefined, client name: snowflake-sdk, client version: 2.3.3, retry timeout: 300, private key path: undefined, private key pass is not provided, client store temporary credential: false, browser response timeout: 120000"}
{"level":"INFO","message":"[12:56:12.777 PM]: Connection[id: 6cf15a61-7a78-477b-aac6-482cf11938f7] - connection object created successfully."}
{"level":"INFO","message":"[12:56:12.788 PM]: Connection[id: 6cf15a61-7a78-477b-aac6-482cf11938f7] - connecting. Associated Snowflake domain: GLOBAL"}
{"level":"INFO","message":"[12:56:12.790 PM]: Connection[id: 6cf15a61-7a78-477b-aac6-482cf11938f7] - authentication successful using: SNOWFLAKE"}
{"level":"INFO","message":"[12:56:13.018 PM]: Connection[id: 6cf15a61-7a78-477b-aac6-482cf11938f7] - connection established successfully after 229.98 milliseconds"}
{"level":"INFO","message":"[12:59:14.693 PM]: Creating new connection object"}
{"level":"INFO","message":"[12:59:14.699 PM]: Creating Connection[id: 3f5ab47b-d219-4452-bf62-d038c0667b67] with host: rm58560.central-india.azure.snowflakecomputing.com, account: rm58560, accessUrl: https://rm58560.central-india.azure.snowflakecomputing.com, user: rishabinformaticagroup, role: undefined, database: SOURCE, schema: PUBLIC, warehouse: COMPUTE_WH, proxy was not configured, password is provided, region: central-india.azure, authenticator: SNOWFLAKE, ocsp mode: FAIL_OPEN, os: win32, os version: 10.0.19045"}
{"level":"INFO","message":"[12:59:14.703 PM]: Connection[id: 3f5ab47b-d219-4452-bf62-d038c0667b67] additional details: passcode in password is provided, passcode is not provided, private key is not provided, application: undefined, client name: snowflake-sdk, client version: 2.3.3, retry timeout: 300, private key path: undefined, private key pass is not provided, client store temporary credential: false, browser response timeout: 120000"}
{"level":"INFO","message":"[12:59:14.708 PM]: Connection[id: 3f5ab47b-d219-4452-bf62-d038c0667b67] - connection object created successfully."}
{"level":"INFO","message":"[12:59:14.720 PM]: Connection[id: 3f5ab47b-d219-4452-bf62-d038c0667b67] - connecting. Associated Snowflake domain: GLOBAL"}
{"level":"INFO","message":"[12:59:14.732 PM]: Connection[id: 3f5ab47b-d219-4452-bf62-d038c0667b67] - authentication successful using: SNOWFLAKE"}
{"level":"INFO","message":"[12:59:15.542 PM]: Connection[id: 3f5ab47b-d219-4452-bf62-d038c0667b67] - connection established successfully after 822.39 milliseconds"}
{"level":"INFO","message":"[12:59:15.813 PM]: Creating new connection object"}
{"level":"INFO","message":"[12:59:15.818 PM]: Creating Connection[id: 0f32df27-91ae-4b85-8407-18a01301dee9] with host: rm58560.central-india.azure.snowflakecomputing.com, account: rm58560, accessUrl: https://rm58560.central-india.azure.snowflakecomputing.com, user: rishabinformaticagroup, role: undefined, database: SOURCE, schema: PUBLIC, warehouse: COMPUTE_WH, proxy was not configured, password is provided, region: central-india.azure, authenticator: SNOWFLAKE, ocsp mode: FAIL_OPEN, os: win32, os version: 10.0.19045"}
{"level":"INFO","message":"[12:59:15.819 PM]: Connection[id: 0f32df27-91ae-4b85-8407-18a01301dee9] additional details: passcode in password is provided, passcode is not provided, private key is not provided, application: undefined, client name: snowflake-sdk, client version: 2.3.3, retry timeout: 300, private key path: undefined, private key pass is not provided, client store temporary credential: false, browser response timeout: 120000"}
{"level":"INFO","message":"[12:59:15.824 PM]: Connection[id: 0f32df27-91ae-4b85-8407-18a01301dee9] - connection object created successfully."}
{"level":"INFO","message":"[12:59:15.825 PM]: Connection[id: 0f32df27-91ae-4b85-8407-18a01301dee9] - connecting. Associated Snowflake domain: GLOBAL"}
{"level":"INFO","message":"[12:59:15.827 PM]: Connection[id: 0f32df27-91ae-4b85-8407-18a01301dee9] - authentication successful using: SNOWFLAKE"}
{"level":"INFO","message":"[12:59:16.503 PM]: Connection[id: 0f32df27-91ae-4b85-8407-18a01301dee9] - connection established successfully after 677.8 milliseconds"}
{"level":"INFO","message":"[12:59:38.147 PM]: Creating new connection object"}
{"level":"INFO","message":"[12:59:38.160 PM]: Creating Connection[id: 482ecd0c-d239-436f-881b-f1d7d9aff648] with host: rm58560.central-india.azure.snowflakecomputing.com, account: rm58560, accessUrl: https://rm58560.central-india.azure.snowflakecomputing.com, user: rishabinformaticagroup, role: undefined, database: SOURCE, schema: PUBLIC, warehouse: COMPUTE_WH, proxy was not configured, password is provided, region: central-india.azure, authenticator: SNOWFLAKE, ocsp mode: FAIL_OPEN, os: win32, os version: 10.0.19045"}
{"level":"INFO","message":"[12:59:38.162 PM]: Connection[id: 482ecd0c-d239-436f-881b-f1d7d9aff648] additional details: passcode in password is provided, passcode is not provided, private key is not provided, application: undefined, client name: snowflake-sdk, client version: 2.3.3, retry timeout: 300, private key path: undefined, private key pass is not provided, client store temporary credential: false, browser response timeout: 120000"}
{"level":"INFO","message":"[12:59:38.165 PM]: Connection[id: 482ecd0c-d239-436f-881b-f1d7d9aff648] - connection object created successfully."}
{"level":"INFO","message":"[12:59:38.175 PM]: Connection[id: 482ecd0c-d239-436f-881b-f1d7d9aff648] - connecting. Associated Snowflake domain: GLOBAL"}
{"level":"INFO","message":"[12:59:38.179 PM]: Connection[id: 482ecd0c-d239-436f-881b-f1d7d9aff648] - authentication successful using: SNOWFLAKE"}
{"level":"INFO","message":"[12:59:38.868 PM]: Connection[id: 482ecd0c-d239-436f-881b-f1d7d9aff648] - connection established successfully after 693.31 milliseconds"}
{"level":"INFO","message":"[1:04:56.784 PM]: Creating new connection object"}
{"level":"INFO","message":"[1:04:56.798 PM]: Creating Connection[id: 089f198d-e47b-4e39-969c-0b6da5939164] with host: rm58560.central-india.azure.snowflakecomputing.com, account: rm58560, accessUrl: https://rm58560.central-india.azure.snowflakecomputing.com, user: rishabinformaticagroup, role: undefined, database: SOURCE, schema: PUBLIC, warehouse: COMPUTE_WH, proxy was not configured, password is provided, region: central-india.azure, authenticator: SNOWFLAKE, ocsp mode: FAIL_OPEN, os: win32, os version: 10.0.19045"}
{"level":"INFO","message":"[1:04:56.805 PM]: Connection[id: 089f198d-e47b-4e39-969c-0b6da5939164] additional details: passcode in password is provided, passcode is not provided, private key is not provided, application: undefined, client name: snowflake-sdk, client version: 2.3.3, retry timeout: 300, private key path: undefined, private key pass is not provided, client store temporary credential: false, browser response timeout: 120000"}
{"level":"INFO","message":"[1:04:56.809 PM]: Connection[id: 089f198d-e47b-4e39-969c-0b6da5939164] - connection object created successfully."}
{"level":"INFO","message":"[1:04:56.840 PM]: Connection[id: 089f198d-e47b-4e39-969c-0b6da5939164] - connecting. Associated Snowflake domain: GLOBAL"}
{"level":"INFO","message":"[1:04:56.847 PM]: Connection[id: 089f198d-e47b-4e39-969c-0b6da5939164] - authentication successful using: SNOWFLAKE"}
{"level":"INFO","message":"[1:04:58.470 PM]: Connection[id: 089f198d-e47b-4e39-969c-0b6da5939164] - connection established successfully after 1630.72 milliseconds"}
{"level":"INFO","message":"[1:09:06.304 PM]: Creating new connection object"}
{"level":"INFO","message":"[1:09:06.375 PM]: Creating Connection[id: 04ad08f1-87f0-4251-816d-de95e49727f0] with host: rm58560.central-india.azure.snowflakecomputing.com, account: rm58560, accessUrl: https://rm58560.central-india.azure.snowflakecomputing.com, user: rishabinformaticagroup, role: undefined, database: SOURCE, schema: PUBLIC, warehouse: COMPUTE_WH, proxy was not configured, password is provided, region: central-india.azure, authenticator: SNOWFLAKE, ocsp mode: FAIL_OPEN, os: win32, os version: 10.0.19045"}
{"level":"INFO","message":"[1:09:06.381 PM]: Connection[id: 04ad08f1-87f0-4251-816d-de95e49727f0] additional details: passcode in password is provided, passcode is not provided, private key is not provided, application: undefined, client name: snowflake-sdk, client version: 2.3.3, retry timeout: 300, private key path: undefined, private key pass is not provided, client store temporary credential: false, browser response timeout: 120000"}
{"level":"INFO","message":"[1:09:06.385 PM]: Connection[id: 04ad08f1-87f0-4251-816d-de95e49727f0] - connection object created successfully."}
{"level":"INFO","message":"[1:09:06.388 PM]: Connection[id: 04ad08f1-87f0-4251-816d-de95e49727f0] - connecting. Associated Snowflake domain: GLOBAL"}
{"level":"INFO","message":"[1:09:06.391 PM]: Connection[id: 04ad08f1-87f0-4251-816d-de95e49727f0] - authentication successful using: SNOWFLAKE"}
{"level":"INFO","message":"[1:09:06.395 PM]: Trying to initialize Easy Logging"}
{"level":"INFO","message":"[1:09:06.421 PM]: No client config detected."}
{"level":"INFO","message":"[1:09:06.422 PM]: No config file path found. Client config will not be used."}
{"level":"INFO","message":"[1:09:06.426 PM]: Easy Logging is disabled as no config has been found"}
{"level":"INFO","message":"[1:09:08.076 PM]: Connection[id: 04ad08f1-87f0-4251-816d-de95e49727f0] - connection established successfully after 1688.02 milliseconds"}
{"level":"INFO","message":"[1:21:36.928 PM]: Creating new connection object"}
{"level":"INFO","message":"[1:21:36.944 PM]: Creating Connection[id: 33be03ae-1f56-44c1-bc09-73ea3bac4534] with host: rm58560.central-india.azure.snowflakecomputing.com, account: rm58560, accessUrl: https://rm58560.central-india.azure.snowflakecomputing.com, user: rishabinformaticagroup, role: undefined, database: SOURCE, schema: PUBLIC, warehouse: COMPUTE_WH, proxy was not configured, password is provided, region: central-india.azure, authenticator: SNOWFLAKE, ocsp mode: FAIL_OPEN, os: win32, os version: 10.0.19045"}
{"level":"INFO","message":"[1:21:36.960 PM]: Connection[id: 33be03ae-1f56-44c1-bc09-73ea3bac4534] additional details: passcode in password is provided, passcode is not provided, private key is not provided, application: undefined, client name: snowflake-sdk, client version: 2.3.3, retry timeout: 300, private key path: undefined, private key pass is not provided, client store temporary credential: false, browser response timeout: 120000"}
{"level":"INFO","message":"[1:21:36.972 PM]: Connection[id: 33be03ae-1f56-44c1-bc09-73ea3bac4534] - connection object created successfully."}
{"level":"INFO","message":"[1:21:36.977 PM]: Connection[id: 33be03ae-1f56-44c1-bc09-73ea3bac4534] - connecting. Associated Snowflake domain: GLOBAL"}
{"level":"INFO","message":"[1:21:36.991 PM]: Connection[id: 33be03ae-1f56-44c1-bc09-73ea3bac4534] - authentication successful using: SNOWFLAKE"}
{"level":"INFO","message":"[1:21:37.625 PM]: Connection[id: 33be03ae-1f56-44c1-bc09-73ea3bac4534] - connection established successfully after 648.37 milliseconds"}
{"level":"INFO","message":"[2:04:30.968 PM]: Creating new connection object"}
{"level":"INFO","message":"[2:04:30.980 PM]: Creating Connection[id: 2e922a0b-70e5-43b0-855b-0caaec7e3bd2] with host: rm58560.central-india.azure.snowflakecomputing.com, account: rm58560, accessUrl: https://rm58560.central-india.azure.snowflakecomputing.com, user: rishabinformaticagroup, role: undefined, database: SOURCE, schema: PUBLIC, warehouse: COMPUTE_WH, proxy was not configured, password is provided, region: central-india.azure, authenticator: SNOWFLAKE, ocsp mode: FAIL_OPEN, os: win32, os version: 10.0.19045"}
{"level":"INFO","message":"[2:04:30.986 PM]: Connection[id: 2e922a0b-70e5-43b0-855b-0caaec7e3bd2] additional details: passcode in password is provided, passcode is not provided, private key is not provided, application: undefined, client name: snowflake-sdk, client version: 2.3.3, retry timeout: 300, private key path: undefined, private key pass is not provided, client store temporary credential: false, browser response timeout: 120000"}
{"level":"INFO","message":"[2:04:30.993 PM]: Connection[id: 2e922a0b-70e5-43b0-855b-0caaec7e3bd2] - connection object created successfully."}
{"level":"INFO","message":"[2:04:31.031 PM]: Connection[id: 2e922a0b-70e5-43b0-855b-0caaec7e3bd2] - connecting. Associated Snowflake domain: GLOBAL"}
{"level":"INFO","message":"[2:04:31.043 PM]: Connection[id: 2e922a0b-70e5-43b0-855b-0caaec7e3bd2] - authentication successful using: SNOWFLAKE"}
{"level":"INFO","message":"[2:04:32.287 PM]: Connection[id: 2e922a0b-70e5-43b0-855b-0caaec7e3bd2] - connection established successfully after 1256.79 milliseconds"}
{"level":"INFO","message":"[2:16:13.599 PM]: Creating new connection object"}
{"level":"INFO","message":"[2:16:13.616 PM]: Creating Connection[id: 746a07ef-3063-4238-bae0-a5dde820d50e] with host: rm58560.central-india.azure.snowflakecomputing.com, account: rm58560, accessUrl: https://rm58560.central-india.azure.snowflakecomputing.com, user: rishabinformaticagroup, role: undefined, database: SOURCE, schema: PUBLIC, warehouse: COMPUTE_WH, proxy was not configured, password is provided, region: central-india.azure, authenticator: SNOWFLAKE, ocsp mode: FAIL_OPEN, os: win32, os version: 10.0.19045"}
{"level":"INFO","message":"[2:16:13.619 PM]: Connection[id: 746a07ef-3063-4238-bae0-a5dde820d50e] additional details: passcode in password is provided, passcode is not provided, private key is not provided, application: undefined, client name: snowflake-sdk, client version: 2.3.3, retry timeout: 300, private key path: undefined, private key pass is not provided, client store temporary credential: false, browser response timeout: 120000"}
{"level":"INFO","message":"[2:16:13.624 PM]: Connection[id: 746a07ef-3063-4238-bae0-a5dde820d50e] - connection object created successfully."}
{"level":"INFO","message":"[2:16:13.627 PM]: Connection[id: 746a07ef-3063-4238-bae0-a5dde820d50e] - connecting. Associated Snowflake domain: GLOBAL"}
{"level":"INFO","message":"[2:16:13.634 PM]: Connection[id: 746a07ef-3063-4238-bae0-a5dde820d50e] - authentication successful using: SNOWFLAKE"}
{"level":"INFO","message":"[2:16:14.212 PM]: Connection[id: 746a07ef-3063-4238-bae0-a5dde820d50e] - connection established successfully after 584.96 milliseconds"}
{"level":"INFO","message":"[2:29:06.721 PM]: Creating new connection object"}
{"level":"INFO","message":"[2:29:06.745 PM]: Creating Connection[id: 58b79f71-bd73-4a16-a10d-7012cd08a84c] with host: rm58560.central-india.azure.snowflakecomputing.com, account: rm58560, accessUrl: https://rm58560.central-india.azure.snowflakecomputing.com, user: rishabinformaticagroup, role: undefined, database: SOURCE, schema: PUBLIC, warehouse: COMPUTE_WH, proxy was not configured, password is provided, region: central-india.azure, authenticator: SNOWFLAKE, ocsp mode: FAIL_OPEN, os: win32, os version: 10.0.19045"}
{"level":"INFO","message":"[2:29:06.759 PM]: Connection[id: 58b79f71-bd73-4a16-a10d-7012cd08a84c] additional details: passcode in password is provided, passcode is not provided, private key is not provided, application: undefined, client name: snowflake-sdk, client version: 2.3.3, retry timeout: 300, private key path: undefined, private key pass is not provided, client store temporary credential: false, browser response timeout: 120000"}
{"level":"INFO","message":"[2:29:06.762 PM]: Connection[id: 58b79f71-bd73-4a16-a10d-7012cd08a84c] - connection object created successfully."}
{"level":"INFO","message":"[2:29:06.766 PM]: Connection[id: 58b79f71-bd73-4a16-a10d-7012cd08a84c] - connecting. Associated Snowflake domain: GLOBAL"}
{"level":"INFO","message":"[2:29:06.771 PM]: Connection[id: 58b79f71-bd73-4a16-a10d-7012cd08a84c] - authentication successful using: SNOWFLAKE"}
{"level":"INFO","message":"[2:29:08.047 PM]: Connection[id: 58b79f71-bd73-4a16-a10d-7012cd08a84c] - connection established successfully after 1281.63 milliseconds"}
{"level":"INFO","message":"[3:04:44.692 PM]: Creating new connection object"}
{"level":"INFO","message":"[3:04:44.771 PM]: Creating Connection[id: e6bbb8b1-9f40-4fd1-8438-a36826267f0e] with host: rm58560.central-india.azure.snowflakecomputing.com, account: rm58560, accessUrl: https://rm58560.central-india.azure.snowflakecomputing.com, user: rishabinformaticagroup, role: undefined, database: SOURCE, schema: PUBLIC, warehouse: COMPUTE_WH, proxy was not configured, password is provided, region: central-india.azure, authenticator: SNOWFLAKE, ocsp mode: FAIL_OPEN, os: win32, os version: 10.0.19045"}
{"level":"INFO","message":"[3:04:44.776 PM]: Connection[id: e6bbb8b1-9f40-4fd1-8438-a36826267f0e] additional details: passcode in password is provided, passcode is not provided, private key is not provided, application: undefined, client name: snowflake-sdk, client version: 2.3.3, retry timeout: 300, private key path: undefined, private key pass is not provided, client store temporary credential: false, browser response timeout: 120000"}
{"level":"INFO","message":"[3:04:44.779 PM]: Connection[id: e6bbb8b1-9f40-4fd1-8438-a36826267f0e] - connection object created successfully."}
{"level":"INFO","message":"[3:04:44.782 PM]: Connection[id: e6bbb8b1-9f40-4fd1-8438-a36826267f0e] - connecting. Associated Snowflake domain: GLOBAL"}
{"level":"INFO","message":"[3:04:44.786 PM]: Connection[id: e6bbb8b1-9f40-4fd1-8438-a36826267f0e] - authentication successful using: SNOWFLAKE"}
{"level":"INFO","message":"[3:04:44.789 PM]: Trying to initialize Easy Logging"}
{"level":"INFO","message":"[3:04:45.447 PM]: No client config detected."}
{"level":"INFO","message":"[3:04:45.449 PM]: No config file path found. Client config will not be used."}
{"level":"INFO","message":"[3:04:45.452 PM]: Easy Logging is disabled as no config has been found"}
{"level":"INFO","message":"[3:04:47.968 PM]: Connection[id: e6bbb8b1-9f40-4fd1-8438-a36826267f0e] - connection established successfully after 3185.31 milliseconds"}
{"level":"INFO","message":"[3:04:48.607 PM]: Creating new connection object"}
{"level":"INFO","message":"[3:04:48.614 PM]: Creating Connection[id: 247f7877-9181-4167-905a-6eb8ba25c2d1] with host: rm58560.central-india.azure.snowflakecomputing.com, account: rm58560, accessUrl: https://rm58560.central-india.azure.snowflakecomputing.com, user: rishabinformaticagroup, role: undefined, database: SOURCE, schema: PUBLIC, warehouse: COMPUTE_WH, proxy was not configured, password is provided, region: central-india.azure, authenticator: SNOWFLAKE, ocsp mode: FAIL_OPEN, os: win32, os version: 10.0.19045"}
{"level":"INFO","message":"[3:04:48.617 PM]: Connection[id: 247f7877-9181-4167-905a-6eb8ba25c2d1] additional details: passcode in password is provided, passcode is not provided, private key is not provided, application: undefined, client name: snowflake-sdk, client version: 2.3.3, retry timeout: 300, private key path: undefined, private key pass is not provided, client store temporary credential: false, browser response timeout: 120000"}
{"level":"INFO","message":"[3:04:48.620 PM]: Connection[id: 247f7877-9181-4167-905a-6eb8ba25c2d1] - connection object created successfully."}
{"level":"INFO","message":"[3:04:48.622 PM]: Connection[id: 247f7877-9181-4167-905a-6eb8ba25c2d1] - connecting. Associated Snowflake domain: GLOBAL"}
{"level":"INFO","message":"[3:04:48.624 PM]: Connection[id: 247f7877-9181-4167-905a-6eb8ba25c2d1] - authentication successful using: SNOWFLAKE"}
{"level":"INFO","message":"[3:04:48.915 PM]: Connection[id: 247f7877-9181-4167-905a-6eb8ba25c2d1] - connection established successfully after 292.27 milliseconds"}
{"level":"INFO","message":"[3:20:47.382 PM]: Creating new connection object"}
{"level":"INFO","message":"[3:20:47.527 PM]: Creating Connection[id: 0666aa79-81f8-4e06-9326-4d02b7607e6b] with host: rm58560.central-india.azure.snowflakecomputing.com, account: rm58560, accessUrl: https://rm58560.central-india.azure.snowflakecomputing.com, user: rishabinformaticagroup, role: undefined, database: SOURCE, schema: PUBLIC, warehouse: COMPUTE_WH, proxy was not configured, password is provided, region: central-india.azure, authenticator: SNOWFLAKE, ocsp mode: FAIL_OPEN, os: win32, os version: 10.0.19045"}
{"level":"INFO","message":"[3:20:47.535 PM]: Connection[id: 0666aa79-81f8-4e06-9326-4d02b7607e6b] additional details: passcode in password is provided, passcode is not provided, private key is not provided, application: undefined, client name: snowflake-sdk, client version: 2.3.3, retry timeout: 300, private key path: undefined, private key pass is not provided, client store temporary credential: false, browser response timeout: 120000"}
{"level":"INFO","message":"[3:20:47.543 PM]: Connection[id: 0666aa79-81f8-4e06-9326-4d02b7607e6b] - connection object created successfully."}
{"level":"INFO","message":"[3:20:47.548 PM]: Connection[id: 0666aa79-81f8-4e06-9326-4d02b7607e6b] - connecting. Associated Snowflake domain: GLOBAL"}
{"level":"INFO","message":"[3:20:47.553 PM]: Connection[id: 0666aa79-81f8-4e06-9326-4d02b7607e6b] - authentication successful using: SNOWFLAKE"}
{"level":"INFO","message":"[3:20:47.562 PM]: Trying to initialize Easy Logging"}
{"level":"INFO","message":"[3:20:47.768 PM]: No client config detected."}
{"level":"INFO","message":"[3:20:47.816 PM]: No config file path found. Client config will not be used."}
{"level":"INFO","message":"[3:20:47.842 PM]: Easy Logging is disabled as no config has been found"}
{"level":"INFO","message":"[3:20:52.349 PM]: Connection[id: 0666aa79-81f8-4e06-9326-4d02b7607e6b] - connection established successfully after 4801.23 milliseconds"}
{"level":"INFO","message":"[3:21:04.930 PM]: Creating new connection object"}
{"level":"INFO","message":"[3:21:04.944 PM]: Creating Connection[id: a99f5749-b061-4ae5-9e8a-3aacecf17335] with host: rm58560.central-india.azure.snowflakecomputing.com, account: rm58560, accessUrl: https://rm58560.central-india.azure.snowflakecomputing.com, user: rishabinformaticagroup, role: undefined, database: SOURCE, schema: PUBLIC, warehouse: COMPUTE_WH, proxy was not configured, password is provided, region: central-india.azure, authenticator: SNOWFLAKE, ocsp mode: FAIL_OPEN, os: win32, os version: 10.0.19045"}
{"level":"INFO","message":"[3:21:04.952 PM]: Connection[id: a99f5749-b061-4ae5-9e8a-3aacecf17335] additional details: passcode in password is provided, passcode is not provided, private key is not provided, application: undefined, client name: snowflake-sdk, client version: 2.3.3, retry timeout: 300, private key path: undefined, private key pass is not provided, client store temporary credential: false, browser response timeout: 120000"}
{"level":"INFO","message":"[3:21:04.993 PM]: Connection[id: a99f5749-b061-4ae5-9e8a-3aacecf17335] - connection object created successfully."}
{"level":"INFO","message":"[3:21:05.001 PM]: Connection[id: a99f5749-b061-4ae5-9e8a-3aacecf17335] - connecting. Associated Snowflake domain: GLOBAL"}
{"level":"INFO","message":"[3:21:05.005 PM]: Connection[id: a99f5749-b061-4ae5-9e8a-3aacecf17335] - authentication successful using: SNOWFLAKE"}
{"level":"INFO","message":"[3:21:05.229 PM]: Connection[id: a99f5749-b061-4ae5-9e8a-3aacecf17335] - connection established successfully after 228.33 milliseconds"}
{"level":"INFO","message":"[3:21:05.477 PM]: Creating new connection object"}
{"level":"INFO","message":"[3:21:05.484 PM]: Creating Connection[id: 689f1d79-4bc9-4957-8830-6d342d3f1baa] with host: rm58560.central-india.azure.snowflakecomputing.com, account: rm58560, accessUrl: https://rm58560.central-india.azure.snowflakecomputing.com, user: rishabinformaticagroup, role: undefined, database: SOURCE, schema: PUBLIC, warehouse: COMPUTE_WH, proxy was not configured, password is provided, region: central-india.azure, authenticator: SNOWFLAKE, ocsp mode: FAIL_OPEN, os: win32, os version: 10.0.19045"}
{"level":"INFO","message":"[3:21:05.490 PM]: Connection[id: 689f1d79-4bc9-4957-8830-6d342d3f1baa] additional details: passcode in password is provided, passcode is not provided, private key is not provided, application: undefined, client name: snowflake-sdk, client version: 2.3.3, retry timeout: 300, private key path: undefined, private key pass is not provided, client store temporary credential: false, browser response timeout: 120000"}
{"level":"INFO","message":"[3:21:05.492 PM]: Connection[id: 689f1d79-4bc9-4957-8830-6d342d3f1baa] - connection object created successfully."}
{"level":"INFO","message":"[3:21:05.495 PM]: Connection[id: 689f1d79-4bc9-4957-8830-6d342d3f1baa] - connecting. Associated Snowflake domain: GLOBAL"}
{"level":"INFO","message":"[3:21:05.497 PM]: Connection[id: 689f1d79-4bc9-4957-8830-6d342d3f1baa] - authentication successful using: SNOWFLAKE"}
{"level":"INFO","message":"[3:21:06.244 PM]: Connection[id: 689f1d79-4bc9-4957-8830-6d342d3f1baa] - connection established successfully after 749.86 milliseconds"}
{"level":"INFO","message":"[3:34:45.745 PM]: Creating new connection object"}
{"level":"INFO","message":"[3:34:46.005 PM]: Creating Connection[id: 78acfa6d-8b71-4a69-a761-630a65bd7de4] with host: rm58560.central-india.azure.snowflakecomputing.com, account: rm58560, accessUrl: https://rm58560.central-india.azure.snowflakecomputing.com, user: rishabinformaticagroup, role: undefined, database: SOURCE, schema: PUBLIC, warehouse: COMPUTE_WH, proxy was not configured, password is provided, region: central-india.azure, authenticator: SNOWFLAKE, ocsp mode: FAIL_OPEN, os: win32, os version: 10.0.19045"}
{"level":"INFO","message":"[3:34:46.031 PM]: Connection[id: 78acfa6d-8b71-4a69-a761-630a65bd7de4] additional details: passcode in password is provided, passcode is not provided, private key is not provided, application: undefined, client name: snowflake-sdk, client version: 2.3.3, retry timeout: 300, private key path: undefined, private key pass is not provided, client store temporary credential: false, browser response timeout: 120000"}
{"level":"INFO","message":"[3:34:46.056 PM]: Connection[id: 78acfa6d-8b71-4a69-a761-630a65bd7de4] - connection object created successfully."}
{"level":"INFO","message":"[3:34:46.063 PM]: Connection[id: 78acfa6d-8b71-4a69-a761-630a65bd7de4] - connecting. Associated Snowflake domain: GLOBAL"}
{"level":"INFO","message":"[3:34:46.079 PM]: Connection[id: 78acfa6d-8b71-4a69-a761-630a65bd7de4] - authentication successful using: SNOWFLAKE"}
{"level":"INFO","message":"[3:34:46.096 PM]: Trying to initialize Easy Logging"}
{"level":"INFO","message":"[3:34:46.306 PM]: No client config detected."}
{"level":"INFO","message":"[3:34:46.315 PM]: No config file path found. Client config will not be used."}
{"level":"INFO","message":"[3:34:46.360 PM]: Easy Logging is disabled as no config has been found"}
{"level":"INFO","message":"[3:34:52.682 PM]: Creating new connection object"}
{"level":"INFO","message":"[3:34:52.692 PM]: Creating Connection[id: f1f8f83c-2d13-48cb-ad7b-c2ecad20c90b] with host: rm58560.central-india.azure.snowflakecomputing.com, account: rm58560, accessUrl: https://rm58560.central-india.azure.snowflakecomputing.com, user: rishabinformaticagroup, role: undefined, database: SOURCE, schema: PUBLIC, warehouse: COMPUTE_WH, proxy was not configured, password is provided, region: central-india.azure, authenticator: SNOWFLAKE, ocsp mode: FAIL_OPEN, os: win32, os version: 10.0.19045"}
{"level":"INFO","message":"[3:34:52.697 PM]: Connection[id: f1f8f83c-2d13-48cb-ad7b-c2ecad20c90b] additional details: passcode in password is provided, passcode is not provided, private key is not provided, application: undefined, client name: snowflake-sdk, client version: 2.3.3, retry timeout: 300, private key path: undefined, private key pass is not provided, client store temporary credential: false, browser response timeout: 120000"}
{"level":"INFO","message":"[3:34:52.699 PM]: Connection[id: f1f8f83c-2d13-48cb-ad7b-c2ecad20c90b] - connection object created successfully."}
{"level":"INFO","message":"[3:34:52.703 PM]: Connection[id: f1f8f83c-2d13-48cb-ad7b-c2ecad20c90b] - connecting. Associated Snowflake domain: GLOBAL"}
{"level":"INFO","message":"[3:34:52.709 PM]: Connection[id: f1f8f83c-2d13-48cb-ad7b-c2ecad20c90b] - authentication successful using: SNOWFLAKE"}
{"level":"INFO","message":"[3:34:53.583 PM]: Connection[id: 78acfa6d-8b71-4a69-a761-630a65bd7de4] - connection established successfully after 7520.36 milliseconds"}
{"level":"INFO","message":"[3:34:53.931 PM]: Connection[id: f1f8f83c-2d13-48cb-ad7b-c2ecad20c90b] - connection established successfully after 1228.05 milliseconds"}
